0 info it worked if it ends with ok
1 verbose cli [ 'node', '/usr/local/bin/npm', 'install', 'angular-google-maps' ]
2 info using npm@2.11.3
3 info using node@v0.12.7
4 verbose install initial load of /Users/petros/Documents/Development/Harry/Project/cordova/Deals4U/package.json
5 verbose installManyTop reading scoped package data from /Users/petros/Documents/Development/Harry/Project/cordova/Deals4U/node_modules/angular-local-storage/package.json
6 verbose installManyTop reading scoped package data from /Users/petros/Documents/Development/Harry/Project/cordova/Deals4U/node_modules/angular-translate/package.json
7 verbose installManyTop reading scoped package data from /Users/petros/Documents/Development/Harry/Project/cordova/Deals4U/node_modules/browser-sync/package.json
8 verbose installManyTop reading scoped package data from /Users/petros/Documents/Development/Harry/Project/cordova/Deals4U/node_modules/gulp/package.json
9 verbose installManyTop reading scoped package data from /Users/petros/Documents/Development/Harry/Project/cordova/Deals4U/node_modules/gulp-autoprefixer/package.json
10 verbose installManyTop reading scoped package data from /Users/petros/Documents/Development/Harry/Project/cordova/Deals4U/node_modules/gulp-cached/package.json
11 verbose installManyTop reading scoped package data from /Users/petros/Documents/Development/Harry/Project/cordova/Deals4U/node_modules/gulp-jshint/package.json
12 verbose installManyTop reading scoped package data from /Users/petros/Documents/Development/Harry/Project/cordova/Deals4U/node_modules/gulp-load-plugins/package.json
13 verbose installManyTop reading scoped package data from /Users/petros/Documents/Development/Harry/Project/cordova/Deals4U/node_modules/gulp-notify/package.json
14 verbose installManyTop reading scoped package data from /Users/petros/Documents/Development/Harry/Project/cordova/Deals4U/node_modules/gulp-plumber/package.json
15 verbose installManyTop reading scoped package data from /Users/petros/Documents/Development/Harry/Project/cordova/Deals4U/node_modules/gulp-rename/package.json
16 verbose installManyTop reading scoped package data from /Users/petros/Documents/Development/Harry/Project/cordova/Deals4U/node_modules/gulp-shell/package.json
17 verbose installManyTop reading scoped package data from /Users/petros/Documents/Development/Harry/Project/cordova/Deals4U/node_modules/gulp-stylus/package.json
18 verbose installManyTop reading scoped package data from /Users/petros/Documents/Development/Harry/Project/cordova/Deals4U/node_modules/gulp-task-listing/package.json
19 verbose installManyTop reading scoped package data from /Users/petros/Documents/Development/Harry/Project/cordova/Deals4U/node_modules/jshint-stylish/package.json
20 verbose installManyTop reading scoped package data from /Users/petros/Documents/Development/Harry/Project/cordova/Deals4U/node_modules/run-sequence/package.json
21 info package.json gulp-cached@1.1.0 No license field.
22 info package.json gulp-rename@1.2.2 No license field.
23 info package.json gulp-task-listing@1.0.1 No license field.
24 info package.json gulp-notify@2.2.0 No license field.
25 verbose readDependencies loading dependencies from /Users/petros/Documents/Development/Harry/Project/cordova/Deals4U/package.json
26 silly cache add args [ 'angular-google-maps', null ]
27 verbose cache add spec angular-google-maps
28 silly cache add parsed spec { raw: 'angular-google-maps',
28 silly cache add   scope: null,
28 silly cache add   name: 'angular-google-maps',
28 silly cache add   rawSpec: '',
28 silly cache add   spec: '*',
28 silly cache add   type: 'range' }
29 silly addNamed angular-google-maps@*
30 verbose addNamed "*" is a valid semver range for angular-google-maps
31 silly addNameRange { name: 'angular-google-maps', range: '*', hasData: false }
32 silly mapToRegistry name angular-google-maps
33 silly mapToRegistry using default registry
34 silly mapToRegistry registry https://registry.npmjs.org/
35 silly mapToRegistry uri https://registry.npmjs.org/angular-google-maps
36 verbose addNameRange registry:https://registry.npmjs.org/angular-google-maps not in flight; fetching
37 verbose request uri https://registry.npmjs.org/angular-google-maps
38 verbose request no auth needed
39 info attempt registry request try #1 at 9:24:24 PM
40 verbose request id 9e7d2b7ad104250b
41 http request GET https://registry.npmjs.org/angular-google-maps
42 http 200 https://registry.npmjs.org/angular-google-maps
43 silly get cb [ 200,
43 silly get   { server: 'CouchDB/1.5.0 (Erlang OTP/R16B03)',
43 silly get     etag: '"3VPB3HH2SU57A7S49GKNT31UQ"',
43 silly get     'content-type': 'application/json',
43 silly get     'cache-control': 'max-age=60',
43 silly get     'content-length': '36433',
43 silly get     'accept-ranges': 'bytes',
43 silly get     date: 'Tue, 08 Sep 2015 19:24:28 GMT',
43 silly get     via: '1.1 varnish',
43 silly get     age: '0',
43 silly get     connection: 'keep-alive',
43 silly get     'x-served-by': 'cache-lhr6332-LHR',
43 silly get     'x-cache': 'MISS',
43 silly get     'x-cache-hits': '0',
43 silly get     'x-timer': 'S1441740267.976990,VS0,VE374',
43 silly get     vary: 'Accept' } ]
44 verbose get saving angular-google-maps to /Users/petros/.npm/registry.npmjs.org/angular-google-maps/.cache.json
45 silly addNameRange number 2 { name: 'angular-google-maps', range: '*', hasData: true }
46 silly addNameRange versions [ 'angular-google-maps',
46 silly addNameRange   [ '2.0.12',
46 silly addNameRange     '2.0.13',
46 silly addNameRange     '2.0.14',
46 silly addNameRange     '2.0.16',
46 silly addNameRange     '2.0.17',
46 silly addNameRange     '2.0.18',
46 silly addNameRange     '2.0.19',
46 silly addNameRange     '2.0.20',
46 silly addNameRange     '2.1.0',
46 silly addNameRange     '2.1.1',
46 silly addNameRange     '2.1.3',
46 silly addNameRange     '2.1.4',
46 silly addNameRange     '2.1.5',
46 silly addNameRange     '2.1.6',
46 silly addNameRange     '2.2.0' ] ]
47 silly addNamed angular-google-maps@2.2.0
48 verbose addNamed "2.2.0" is a plain semver version for angular-google-maps
49 silly mapToRegistry name angular-google-maps
50 silly mapToRegistry using default registry
51 silly mapToRegistry registry https://registry.npmjs.org/
52 silly mapToRegistry uri https://registry.npmjs.org/angular-google-maps
53 verbose addRemoteTarball https://registry.npmjs.org/angular-google-maps/-/angular-google-maps-2.2.0.tgz not in flight; adding
54 verbose addRemoteTarball [ 'https://registry.npmjs.org/angular-google-maps/-/angular-google-maps-2.2.0.tgz',
54 verbose addRemoteTarball   'bc9ac3ed63d419dd5f0eb98ac9f6b6ed9fff39e2' ]
55 info retry fetch attempt 1 at 9:24:31 PM
56 info attempt registry request try #1 at 9:24:31 PM
57 http fetch GET https://registry.npmjs.org/angular-google-maps/-/angular-google-maps-2.2.0.tgz
58 http fetch 200 https://registry.npmjs.org/angular-google-maps/-/angular-google-maps-2.2.0.tgz
59 silly fetchAndShaCheck shasum bc9ac3ed63d419dd5f0eb98ac9f6b6ed9fff39e2
60 verbose addTmpTarball /var/folders/wl/dp2n63d57pj6y6qbcw4009l40000gn/T/npm-2927-a3dddcb7/registry.npmjs.org/angular-google-maps/-/angular-google-maps-2.2.0.tgz not in flight; adding
61 verbose addTmpTarball already have metadata; skipping unpack for angular-google-maps@2.2.0
62 silly cache afterAdd angular-google-maps@2.2.0
63 verbose afterAdd /Users/petros/.npm/angular-google-maps/2.2.0/package/package.json not in flight; writing
64 verbose afterAdd /Users/petros/.npm/angular-google-maps/2.2.0/package/package.json written
65 silly install resolved [ { name: 'angular-google-maps',
65 silly install resolved     version: '2.2.0',
65 silly install resolved     description: 'AngularJS directives for Google Maps',
65 silly install resolved     repository:
65 silly install resolved      { type: 'git',
65 silly install resolved        url: 'git+https://github.com/angular-ui/angular-google-maps.git' },
65 silly install resolved     scripts: { build: 'grunt', example: 'grunt example', test: 'grunt' },
65 silly install resolved     keywords: [ 'angularjs', 'googlemaps', 'directives', 'webcomponent' ],
65 silly install resolved     main: 'dist/angular-google-maps.js',
65 silly install resolved     files:
65 silly install resolved      [ 'dist/*',
65 silly install resolved        'spec/coffee/helpers/google-api-mock.coffee',
65 silly install resolved        'spec/coffee/helpers/initiator.coffee' ],
65 silly install resolved     license: 'MIT',
65 silly install resolved     devDependencies:
65 silly install resolved      { bower: '~1.4.1',
65 silly install resolved        'data-structures': '^1.4.2',
65 silly install resolved        grunt: '~0.4.5',
65 silly install resolved        'grunt-angular-architecture-graph': '^0.2.6',
65 silly install resolved        'grunt-bump': '0.3.1',
65 silly install resolved        'grunt-cli': '~0.1.13',
65 silly install resolved        'grunt-contrib-clean': '~0.6.0',
65 silly install resolved        'grunt-contrib-coffee': '~0.13.0',
65 silly install resolved        'grunt-contrib-compress': '~0.13.0',
65 silly install resolved        'grunt-contrib-concat': '~0.5.1',
65 silly install resolved        'grunt-contrib-connect': '~0.10.1',
65 silly install resolved        'grunt-contrib-copy': '~0.8.0',
65 silly install resolved        'grunt-contrib-jasmine': '~0.8.2',
65 silly install resolved        'grunt-contrib-jshint': '~0.11.2',
65 silly install resolved        'grunt-contrib-uglify': '~0.9.1',
65 silly install resolved        'grunt-contrib-watch': '~0.6.1',
65 silly install resolved        'grunt-conventional-changelog': '~1.2.2',
65 silly install resolved        'grunt-curl': '^2.2.0',
65 silly install resolved        'grunt-debug-task': '^0.1.7',
65 silly install resolved        'grunt-graphviz': '^0.1.1',
65 silly install resolved        'grunt-mkdir': '~0.1.2',
65 silly install resolved        'grunt-open': '~0.2.3',
65 silly install resolved        'grunt-replace': '^0.9.2',
65 silly install resolved        'grunt-subgrunt': '^0.4.5',
65 silly install resolved        'grunt-template-jasmine-istanbul': '~0.3.3',
65 silly install resolved        'grunt-template-jasmine-requirejs': '~0.2.3',
65 silly install resolved        'grunt-verbosity': '^0.2.2',
65 silly install resolved        'grunt-webpack': '^1.0.8',
65 silly install resolved        'grunt-wrap': '^0.3.0',
65 silly install resolved        jsonfile: '^2.0.1',
65 silly install resolved        webpack: '^1.9.10' },
65 silly install resolved     dependencies:
65 silly install resolved      { angular: '1.2 - 1.4',
65 silly install resolved        'angular-simple-logger': '~0.0.1',
65 silly install resolved        lodash: '>=3.8.0' },
65 silly install resolved     gitHead: 'cb7be9c7fa7b834d06b1d4016b45775627e3cbeb',
65 silly install resolved     bugs: { url: 'https://github.com/angular-ui/angular-google-maps/issues' },
65 silly install resolved     homepage: 'https://github.com/angular-ui/angular-google-maps#readme',
65 silly install resolved     _id: 'angular-google-maps@2.2.0',
65 silly install resolved     _shasum: 'bc9ac3ed63d419dd5f0eb98ac9f6b6ed9fff39e2',
65 silly install resolved     _from: 'angular-google-maps@*',
65 silly install resolved     _npmVersion: '2.13.5',
65 silly install resolved     _nodeVersion: '0.12.7',
65 silly install resolved     _npmUser: { name: 'nmccready', email: 'nemtcan@gmail.com' },
65 silly install resolved     maintainers: [ [Object] ],
65 silly install resolved     dist:
65 silly install resolved      { shasum: 'bc9ac3ed63d419dd5f0eb98ac9f6b6ed9fff39e2',
65 silly install resolved        tarball: 'http://registry.npmjs.org/angular-google-maps/-/angular-google-maps-2.2.0.tgz' },
65 silly install resolved     directories: {},
65 silly install resolved     _resolved: 'https://registry.npmjs.org/angular-google-maps/-/angular-google-maps-2.2.0.tgz' } ]
66 info install angular-google-maps@2.2.0 into /Users/petros/Documents/Development/Harry/Project/cordova/Deals4U
67 info installOne angular-google-maps@2.2.0
68 verbose installOne of angular-google-maps to /Users/petros/Documents/Development/Harry/Project/cordova/Deals4U not in flight; installing
69 warn locking Error: EACCES, open '/Users/petros/.npm/_locks/angular-google-maps-ee7d35497ede231f.lock'
69 warn locking     at Error (native)
69 warn locking  /Users/petros/.npm/_locks/angular-google-maps-ee7d35497ede231f.lock failed { [Error: EACCES, open '/Users/petros/.npm/_locks/angular-google-maps-ee7d35497ede231f.lock']
69 warn locking   errno: -13,
69 warn locking   code: 'EACCES',
69 warn locking   path: '/Users/petros/.npm/_locks/angular-google-maps-ee7d35497ede231f.lock' }
70 verbose stack Error: Attempt to unlock /Users/petros/Documents/Development/Harry/Project/cordova/Deals4U/node_modules/angular-google-maps, which hasn't been locked
70 verbose stack     at unlock (/usr/local/lib/node_modules/npm/lib/utils/locker.js:66:11)
70 verbose stack     at cb (/usr/local/lib/node_modules/npm/lib/install.js:1017:5)
70 verbose stack     at /usr/local/lib/node_modules/npm/lib/install.js:1021:20
70 verbose stack     at /usr/local/lib/node_modules/npm/lib/utils/locker.js:40:9
70 verbose stack     at cb (/usr/local/lib/node_modules/npm/node_modules/lockfile/lockfile.js:149:38)
70 verbose stack     at /usr/local/lib/node_modules/npm/node_modules/lockfile/lockfile.js:177:38
70 verbose stack     at FSReqWrap.oncomplete (fs.js:95:15)
71 verbose cwd /Users/petros/Documents/Development/Harry/Project/cordova/Deals4U
72 error Darwin 14.0.0
73 error argv "node" "/usr/local/bin/npm" "install" "angular-google-maps"
74 error node v0.12.7
75 error npm  v2.11.3
76 error Attempt to unlock /Users/petros/Documents/Development/Harry/Project/cordova/Deals4U/node_modules/angular-google-maps, which hasn't been locked
77 error If you need help, you may report this error at:
77 error     <https://github.com/npm/npm/issues>
78 verbose exit [ 1, true ]
